Listening on IP=0.0.0.0, PORT=80...
GET /sts.cmd HTTP/1.1
./nowplaying.sh 'СТС'
grep: write error: Broken pipe
URL http://188.243.72.131:81/udp/239.239.2.64:5239
CMD sts NOW /sts.png
readAll: index.html
GET /nowplaying HTTP/1.1
readAll: index.html
GET /stop.png HTTP/1.1
readAll: stop.png
GET /ntv.png HTTP/1.1
readAll: ntv.png
GET /perviy.png HTTP/1.1
readAll: perviy.png
GET /cartoon.png HTTP/1.1
readAll: cartoon.png
GET /discovery.png HTTP/1.1
readAll: discovery.png
GET /sts.png HTTP/1.1
readAll: sts.png
GET /favicon.ico HTTP/1.1
readAll: favicon.ico
GET / HTTP/1.1
readAll: index.html
GET /nowplaying HTTP/1.1
readAll: index.html
GET /stop.png HTTP/1.1
readAll: stop.png
GET /ntv.png HTTP/1.1
readAll: ntv.png
GET /perviy.png HTTP/1.1
readAll: perviy.png
GET /cartoon.png HTTP/1.1
readAll: cartoon.png
GET /discovery.png HTTP/1.1
readAll: discovery.png
GET /sts.png HTTP/1.1
readAll: sts.png
GET /favicon.ico HTTP/1.1
readAll: favicon.ico
GET /cartoon.cmd HTTP/1.1
./nowplaying.sh 'cartoon'
URL http://stream.euroasia.lfstrm.tv/cartoon_network/1/index.m3u8
CMD cartoon NOW /cartoon.png
readAll: index.html
GET /nowplaying HTTP/1.1
readAll: index.html
GET /stop.png HTTP/1.1
readAll: stop.png
GET /ntv.png HTTP/1.1
readAll: ntv.png
GET /perviy.png HTTP/1.1
readAll: perviy.png
GET /cartoon.png HTTP/1.1
readAll: cartoon.png
GET /discovery.png HTTP/1.1
readAll: discovery.png
GET /sts.png HTTP/1.1
readAll: sts.png
GET /favicon.ico HTTP/1.1
readAll: favicon.ico
GET /nowplaying HTTP/1.1
readAll: index.html
GET /stop.png HTTP/1.1
readAll: stop.png
GET /perviy.png HTTP/1.1
readAll: perviy.png
GET /ntv.png HTTP/1.1
readAll: ntv.png
GET /discovery.png HTTP/1.1
readAll: discovery.png
GET /cartoon.png HTTP/1.1
readAll: cartoon.png
GET /sts.png HTTP/1.1
readAll: sts.png
GET /favicon.ico HTTP/1.1
readAll: favicon.ico
GET /stop.cmd HTTP/1.1
./nowplaying.sh 'trololonome'
URL
CMD stop NOW /stop.png
readAll: index.html
GET /nowplaying HTTP/1.1
readAll: index.html
GET /stop.png HTTP/1.1
readAll: stop.png
GET /ntv.png HTTP/1.1
readAll: ntv.png
GET /perviy.png HTTP/1.1
readAll: perviy.png
GET /cartoon.png HTTP/1.1
readAll: cartoon.png
GET /discovery.png HTTP/1.1
readAll: discovery.png
GET /sts.png HTTP/1.1
readAll: sts.png
GET /stop.cmd HTTP/1.1
./nowplaying.sh 'trololonome'
URL
mpv: no process found
CMD stop NOW /stop.png
readAll: index.html
GET /nowplaying HTTP/1.1
readAll: index.html
GET /ntv.png HTTP/1.1
readAll: ntv.png
GET /stop.png HTTP/1.1
readAll: stop.png
GET /cartoon.png HTTP/1.1
readAll: cartoon.png
GET /perviy.png HTTP/1.1
readAll: perviy.png
GET /discovery.png HTTP/1.1
readAll: discovery.png
GET /sts.png HTTP/1.1
readAll: sts.png
GET /favicon.ico HTTP/1.1
readAll: favicon.ico
GET /sts.cmd HTTP/1.1
./nowplaying.sh 'СТС'
grep: write error: Broken pipe
grep: write error: Broken pipe
URL http://188.243.72.131:81/udp/239.239.2.64:5239
mpv: no process found
CMD sts NOW /sts.png
readAll: index.html
GET /nowplaying HTTP/1.1
readAll: index.html
GET /stop.png HTTP/1.1
readAll: stop.png
GET /ntv.png HTTP/1.1
readAll: ntv.png
GET /perviy.png HTTP/1.1
readAll: perviy.png
GET /cartoon.png HTTP/1.1
readAll: cartoon.png
GET /discovery.png HTTP/1.1
readAll: discovery.png
GET /sts.png HTTP/1.1
readAll: sts.png
GET /perviy.cmd HTTP/1.1
./nowplaying.sh 'первый канал'
No channnel name
CMD perviy NOW /perviy.png
readAll: index.html
GET /nowplaying HTTP/1.1
readAll: index.html
GET /stop.png HTTP/1.1
readAll: stop.png
GET /ntv.png HTTP/1.1
readAll: ntv.png
GET /perviy.png HTTP/1.1
readAll: perviy.png
GET /cartoon.png HTTP/1.1
readAll: cartoon.png
GET /discovery.png HTTP/1.1
readAll: discovery.png
GET /sts.png HTTP/1.1
readAll: sts.png
GET /perviy.cmd HTTP/1.1
./nowplaying.sh 'первый канал'
No channnel name
CMD perviy NOW /perviy.png
readAll: index.html
GET /nowplaying HTTP/1.1
readAll: index.html
GET /stop.png HTTP/1.1
readAll: stop.png
GET /ntv.png HTTP/1.1
readAll: ntv.png
GET /perviy.png HTTP/1.1
readAll: perviy.png
GET /cartoon.png HTTP/1.1
readAll: cartoon.png
GET /discovery.png HTTP/1.1
readAll: discovery.png
GET /sts.png HTTP/1.1
readAll: sts.png
GET /perviy.cmd HTTP/1.1
./nowplaying.sh 'первый канал'
No channnel name
CMD perviy NOW /perviy.png
readAll: index.html
GET /nowplaying HTTP/1.1
readAll: index.html
GET /stop.png HTTP/1.1
readAll: stop.png
GET /ntv.png HTTP/1.1
readAll: ntv.png
GET /perviy.png HTTP/1.1
readAll: perviy.png
GET /cartoon.png HTTP/1.1
readAll: cartoon.png
GET /discovery.png HTTP/1.1
readAll: discovery.png
GET /sts.png HTTP/1.1
readAll: sts.png
GET /perviy.cmd HTTP/1.1
./nowplaying.sh 'первый канал'
No channnel name
CMD perviy NOW /perviy.png
readAll: index.html
GET /nowplaying HTTP/1.1
readAll: index.html
GET /stop.png HTTP/1.1
readAll: stop.png
GET /ntv.png HTTP/1.1
readAll: ntv.png
GET /perviy.png HTTP/1.1
readAll: perviy.png
GET /cartoon.png HTTP/1.1
readAll: cartoon.png
GET /discovery.png HTTP/1.1
readAll: discovery.png
GET /sts.png HTTP/1.1
readAll: sts.png
GET /favicon.ico HTTP/1.1
readAll: favicon.ico
GET /perviy.cmd HTTP/1.1
./nowplaying.sh 'первый канал'
No channnel name
CMD perviy NOW /perviy.png
readAll: index.html
GET /nowplaying HTTP/1.1
readAll: index.html
GET /stop.png HTTP/1.1
readAll: stop.png
GET /ntv.png HTTP/1.1
readAll: ntv.png
GET /perviy.png HTTP/1.1
readAll: perviy.png
GET /cartoon.png HTTP/1.1
readAll: cartoon.png
GET /discovery.png HTTP/1.1
readAll: discovery.png
GET /sts.png HTTP/1.1
readAll: sts.png
GET /perviy.cmd HTTP/1.1
./nowplaying.sh 'первый канал'
No channnel name
CMD perviy NOW /perviy.png
readAll: index.html
GET /nowplaying HTTP/1.1
readAll: index.html
GET /stop.png HTTP/1.1
readAll: stop.png
GET /ntv.png HTTP/1.1
readAll: ntv.png
GET /perviy.png HTTP/1.1
readAll: perviy.png
GET /cartoon.png HTTP/1.1
readAll: cartoon.png
GET /discovery.png HTTP/1.1
readAll: discovery.png
GET /sts.png HTTP/1.1
readAll: sts.png
GET /perviy.cmd HTTP/1.1
./nowplaying.sh 'первый канал'
No channnel name
CMD perviy NOW /perviy.png
readAll: index.html
GET /ntv.png HTTP/1.1
readAll: ntv.png
GET /perviy.png HTTP/1.1
readAll: perviy.png
GET /cartoon.png HTTP/1.1
readAll: cartoon.png
GET /nowplaying HTTP/1.1
readAll: index.html
GET /stop.png HTTP/1.1
readAll: stop.png
GET /discovery.png HTTP/1.1
readAll: discovery.png
GET /sts.png HTTP/1.1
readAll: sts.png
GET /cartoon.cmd HTTP/1.1
./nowplaying.sh 'cartoon'
No channnel name
CMD cartoon NOW /cartoon.png
readAll: index.html
GET /nowplaying HTTP/1.1
readAll: index.html
GET /stop.png HTTP/1.1
readAll: stop.png
GET /ntv.png HTTP/1.1
readAll: ntv.png
GET /perviy.png HTTP/1.1
readAll: perviy.png
GET /cartoon.png HTTP/1.1
readAll: cartoon.png
GET /discovery.png HTTP/1.1
readAll: discovery.png
GET /sts.png HTTP/1.1
readAll: sts.png
GET /cartoon.cmd HTTP/1.1
./nowplaying.sh 'cartoon'
No channnel name
CMD cartoon NOW /cartoon.png
readAll: index.html
GET /nowplaying HTTP/1.1
readAll: index.html
GET /stop.png HTTP/1.1
readAll: stop.png
GET /ntv.png HTTP/1.1
readAll: ntv.png
GET /perviy.png HTTP/1.1
readAll: perviy.png
GET /cartoon.png HTTP/1.1
readAll: cartoon.png
GET /discovery.png HTTP/1.1
readAll: discovery.png
GET /sts.png HTTP/1.1
readAll: sts.png
GET /ntv.cmd HTTP/1.1
./nowplaying.sh 'НТВ'
No channnel name
CMD ntv NOW /ntv.png
readAll: index.html
GET /nowplaying HTTP/1.1
readAll: index.html
GET /stop.png HTTP/1.1
readAll: stop.png
GET /ntv.png HTTP/1.1
readAll: ntv.png
GET /perviy.png HTTP/1.1
readAll: perviy.png
GET /cartoon.png HTTP/1.1
readAll: cartoon.png
GET /discovery.png HTTP/1.1
readAll: discovery.png
GET /sts.png HTTP/1.1
readAll: sts.png
GET /cartoon.cmd HTTP/1.1
./nowplaying.sh 'cartoon'
No channnel name
CMD cartoon NOW /cartoon.png
readAll: index.html
GET /nowplaying HTTP/1.1
readAll: index.html
GET /stop.png HTTP/1.1
readAll: stop.png
GET /ntv.png HTTP/1.1
readAll: ntv.png
GET /perviy.png HTTP/1.1
readAll: perviy.png
GET /cartoon.png HTTP/1.1
readAll: cartoon.png
GET /discovery.png HTTP/1.1
readAll: discovery.png
GET /sts.png HTTP/1.1
readAll: sts.png
GET /favicon.ico HTTP/1.1
readAll: favicon.ico
GET /cartoon.cmd HTTP/1.1
./nowplaying.sh 'cartoon'
No channnel name
CMD cartoon NOW /cartoon.png
readAll: index.html
GET /nowplaying HTTP/1.1
readAll: index.html
GET /stop.png HTTP/1.1
readAll: stop.png
GET /ntv.png HTTP/1.1
readAll: ntv.png
GET /perviy.png HTTP/1.1
readAll: perviy.png
GET /cartoon.png HTTP/1.1
readAll: cartoon.png
GET /discovery.png HTTP/1.1
readAll: discovery.png
GET /sts.png HTTP/1.1
readAll: sts.png
GET /discovery.cmd HTTP/1.1
./nowplaying.sh 'Discovery'
No channnel name
CMD discovery NOW /discovery.png
readAll: index.html
GET /nowplaying HTTP/1.1
readAll: index.html
GET /stop.png HTTP/1.1
readAll: stop.png
GET /ntv.png HTTP/1.1
readAll: ntv.png
GET /perviy.png HTTP/1.1
readAll: perviy.png
GET /cartoon.png HTTP/1.1
readAll: cartoon.png
GET /discovery.png HTTP/1.1
readAll: discovery.png
GET /sts.png HTTP/1.1
readAll: sts.png
GET /favicon.ico HTTP/1.1
readAll: favicon.ico
GET /cartoon.cmd HTTP/1.1
./nowplaying.sh 'cartoon'
No channnel name
CMD cartoon NOW /cartoon.png
readAll: index.html
GET /nowplaying HTTP/1.1
readAll: index.html
GET /stop.png HTTP/1.1
readAll: stop.png
GET /ntv.png HTTP/1.1
readAll: ntv.png
GET /perviy.png HTTP/1.1
readAll: perviy.png
GET /cartoon.png HTTP/1.1
readAll: cartoon.png
GET /discovery.png HTTP/1.1
readAll: discovery.png
GET /sts.png HTTP/1.1
readAll: sts.png
GET /cartoon.cmd HTTP/1.1
./nowplaying.sh 'cartoon'
No channnel name
CMD cartoon NOW /cartoon.png
readAll: index.html
GET /nowplaying HTTP/1.1
readAll: index.html
GET /stop.png HTTP/1.1
readAll: stop.png
GET /ntv.png HTTP/1.1
readAll: ntv.png
GET /perviy.png HTTP/1.1
readAll: perviy.png
GET /cartoon.png HTTP/1.1
readAll: cartoon.png
GET /discovery.png HTTP/1.1
readAll: discovery.png
GET /sts.png HTTP/1.1
readAll: sts.png
GET / HTTP/1.1
readAll: index.html
GET /nowplaying HTTP/1.1
readAll: index.html
GET /stop.png HTTP/1.1
readAll: stop.png
GET /ntv.png HTTP/1.1
readAll: ntv.png
GET /perviy.png HTTP/1.1
readAll: perviy.png
GET /cartoon.png HTTP/1.1
readAll: cartoon.png
GET /discovery.png HTTP/1.1
readAll: discovery.png
GET /sts.png HTTP/1.1
readAll: sts.png
GET /cartoon.cmd HTTP/1.1
./nowplaying.sh 'cartoon'
No channnel name
CMD cartoon NOW /cartoon.png
readAll: index.html
GET /nowplaying HTTP/1.1
readAll: index.html
GET /stop.png HTTP/1.1
readAll: stop.png
GET /ntv.png HTTP/1.1
readAll: ntv.png
GET /perviy.png HTTP/1.1
readAll: perviy.png
GET /cartoon.png HTTP/1.1
readAll: cartoon.png
GET /discovery.png HTTP/1.1
readAll: discovery.png
GET /sts.png HTTP/1.1
readAll: sts.png
GET /sts.cmd HTTP/1.1
./nowplaying.sh 'СТС'
No channnel name
CMD sts NOW /sts.png
readAll: index.html
GET /ntv.png HTTP/1.1
readAll: ntv.png
GET /nowplaying HTTP/1.1
readAll: index.html
GET /stop.png HTTP/1.1
readAll: stop.png
GET /perviy.png HTTP/1.1
readAll: perviy.png
GET /cartoon.png HTTP/1.1
readAll: cartoon.png
GET /discovery.png HTTP/1.1
readAll: discovery.png
GET /sts.png HTTP/1.1
readAll: sts.png
GET /sts.cmd HTTP/1.1
./nowplaying.sh 'СТС'
No channnel name
CMD sts NOW /sts.png
readAll: index.html
GET /nowplaying HTTP/1.1
readAll: index.html
GET /stop.png HTTP/1.1
readAll: stop.png
GET /ntv.png HTTP/1.1
readAll: ntv.png
GET /perviy.png HTTP/1.1
readAll: perviy.png
GET /cartoon.png HTTP/1.1
readAll: cartoon.png
GET /discovery.png HTTP/1.1
readAll: discovery.png
GET /sts.png HTTP/1.1
readAll: sts.png
GET /sts.cmd HTTP/1.1
./nowplaying.sh 'СТС'
No channnel name
CMD sts NOW /sts.png
readAll: index.html
GET /nowplaying HTTP/1.1
readAll: index.html
GET /stop.png HTTP/1.1
readAll: stop.png
GET /ntv.png HTTP/1.1
readAll: ntv.png
GET /perviy.png HTTP/1.1
readAll: perviy.png
GET /cartoon.png HTTP/1.1
readAll: cartoon.png
GET /discovery.png HTTP/1.1
readAll: discovery.png
GET /sts.png HTTP/1.1
readAll: sts.png
GET /favicon.ico HTTP/1.1
readAll: favicon.ico
GET /sts.cmd HTTP/1.1
./nowplaying.sh 'СТС'
No channnel name
CMD sts NOW /sts.png
readAll: index.html
GET /nowplaying HTTP/1.1
readAll: index.html
GET /stop.png HTTP/1.1
readAll: stop.png
GET /ntv.png HTTP/1.1
readAll: ntv.png
GET /perviy.png HTTP/1.1
readAll: perviy.png
GET /cartoon.png HTTP/1.1
readAll: cartoon.png
GET /discovery.png HTTP/1.1
readAll: discovery.png
GET /sts.png HTTP/1.1
readAll: sts.png
GET /sts.cmd HTTP/1.1
./nowplaying.sh 'СТС'
No channnel name
CMD sts NOW /sts.png
readAll: index.html
GET /nowplaying HTTP/1.1
readAll: index.html
GET /stop.png HTTP/1.1
readAll: stop.png
GET /ntv.png HTTP/1.1
readAll: ntv.png
GET /perviy.png HTTP/1.1
readAll: perviy.png
GET /cartoon.png HTTP/1.1
readAll: cartoon.png
GET /discovery.png HTTP/1.1
readAll: discovery.png
GET /sts.png HTTP/1.1
readAll: sts.png
GET /perviy.cmd HTTP/1.1
./nowplaying.sh 'первый канал'
No channnel name
CMD perviy NOW /perviy.png
readAll: index.html
GET /nowplaying HTTP/1.1
readAll: index.html
GET /stop.png HTTP/1.1
readAll: stop.png
GET /ntv.png HTTP/1.1
readAll: ntv.png
GET /perviy.png HTTP/1.1
readAll: perviy.png
GET /cartoon.png HTTP/1.1
readAll: cartoon.png
GET /discovery.png HTTP/1.1
readAll: discovery.png
GET /sts.png HTTP/1.1
readAll: sts.png
GET / HTTP/1.1
readAll: index.html
GET /ntv.cmd HTTP/1.1
./nowplaying.sh 'НТВ'
No channnel name
CMD ntv NOW /ntv.png
readAll: index.html
